<?xml version="1.0" encoding="UTF-8"?>
<!-- Generated by org.testng.reporters.JUnitReportReporter -->
<testsuite hostname="DESKTOP-39GVIKO" failures="0" tests="1" name="vishal.RestAssured.Base" time="5.583" errors="0" timestamp="2022-05-16T18:27:25 IST" skipped="0">
  <testcase classname="vishal.RestAssured.Base" name="getAuth" time="5.583"/>
  <system-out/>
</testsuite> <!-- vishal.RestAssured.Base -->
