<?xml version="1.0" encoding="UTF-8"?>
<!-- Generated by org.testng.reporters.JUnitReportReporter -->
<testsuite hostname="DESKTOP-39GVIKO" failures="0" tests="4" name="vishal.RestAssured.BookingIDs" time="6.676" errors="0" timestamp="2022-05-20T12:10:27 IST" skipped="0">
  <testcase classname="vishal.RestAssured.BookingIDs" name="getBookingIDsByDate" time="1.379"/>
  <system-out/>
  <testcase classname="vishal.RestAssured.BookingIDs" name="getBooking" time="1.495"/>
  <system-out/>
  <testcase classname="vishal.RestAssured.BookingIDs" name="getBookingIDs" time="1.914"/>
  <system-out/>
  <testcase classname="vishal.RestAssured.BookingIDs" name="getBookingIDsByName" time="1.888"/>
  <system-out/>
</testsuite> <!-- vishal.RestAssured.BookingIDs -->
