<?xml version="1.0" encoding="UTF-8"?>
<!-- Generated by org.testng.reporters.JUnitReportReporter -->
<testsuite hostname="DESKTOP-39GVIKO" failures="0" tests="1" name="vishal.RestAssured.GetBooking" time="4.121" errors="0" timestamp="2022-05-17T10:04:31 IST" skipped="0">
  <testcase classname="vishal.RestAssured.GetBooking" name="getBooking" time="4.121"/>
  <system-out/>
</testsuite> <!-- vishal.RestAssured.GetBooking -->
