<?xml version="1.0" encoding="UTF-8"?>
<!-- Generated by org.testng.reporters.JUnitReportReporter -->
<testsuite hostname="DESKTOP-39GVIKO" failures="0" tests="4" name="tests.HomePageTest" time="3.199" errors="0" timestamp="2022-10-12T15:05:48 IST" skipped="0">
  <testcase classname="tests.HomePageTest" name="HomePageFooterTest" time="0.875"/>
  <system-out/>
  <testcase classname="tests.HomePageTest" name="HomePageHeaderTest" time="0.155"/>
  <system-out/>
  <testcase classname="tests.HomePageTest" name="HomePageFooterTest" time="1.991"/>
  <system-out/>
  <testcase classname="tests.HomePageTest" name="HomePageHeaderTest" time="0.178"/>
  <system-out/>
</testsuite> <!-- tests.HomePageTest -->
