<?xml version="1.0" encoding="UTF-8"?>
<!-- Generated by org.testng.reporters.JUnitReportReporter -->
<testsuite hostname="DESKTOP-39GVIKO" failures="0" tests="3" name="swagger.petstore.store" time="6.415" errors="0" timestamp="2022-10-15T13:35:00 IST" skipped="0">
  <testcase classname="swagger.petstore.store" name="deleteOrder" time="1.245"/>
  <system-out/>
  <testcase classname="swagger.petstore.store" name="checkPurchase" time="1.308"/>
  <system-out/>
  <testcase classname="swagger.petstore.store" name="placeOrder" time="3.862"/>
  <system-out/>
</testsuite> <!-- swagger.petstore.store -->
