<?xml version="1.0" encoding="UTF-8"?>
<!-- Generated by org.testng.reporters.JUnitReportReporter -->
<testsuite hostname="DESKTOP-39GVIKO" failures="0" tests="7" name="swagger.petstore.pet" time="19.051" errors="0" timestamp="2022-10-15T13:35:00 IST" skipped="0">
  <testcase classname="swagger.petstore.pet" name="getStatus" time="1.539"/>
  <system-out/>
  <testcase classname="swagger.petstore.pet" name="addPet" time="10.205"/>
  <system-out/>
  <testcase classname="swagger.petstore.pet" name="findPet" time="1.341"/>
  <system-out/>
  <testcase classname="swagger.petstore.pet" name="modifyPet" time="1.299"/>
  <system-out/>
  <testcase classname="swagger.petstore.pet" name="updatePet" time="1.249"/>
  <system-out/>
  <testcase classname="swagger.petstore.pet" name="uploadImage" time="2.169"/>
  <system-out/>
  <testcase classname="swagger.petstore.pet" name="deletePet" time="1.249"/>
  <system-out/>
</testsuite> <!-- swagger.petstore.pet -->
